2022-08-12 23:06:42,552 - cogs.levels - INFO - Levelling Cog Loaded
2022-08-12 23:06:48,764 - cogs.levels - INFO - started image
2022-08-12 23:06:48,777 - cogs.levels - INFO - started message
2022-08-12 23:06:48,983 - cogs.levels - INFO - started message
2022-08-12 23:06:49,149 - cogs.levels - INFO - started message
2022-08-12 23:06:57,396 - cogs.levels - INFO - started rank
2022-08-12 23:06:58,014 - cogs.levels - INFO - started message
2022-08-12 23:06:58,901 - cogs.levels - INFO - started message
2022-08-12 23:06:59,407 - cogs.levels - INFO - started message
2022-08-12 23:06:59,485 - cogs.levels - INFO - sent
2022-08-12 23:07:01,929 - cogs.levels - INFO - started message
2022-08-12 23:07:16,099 - cogs.levels - INFO - started message
2022-08-12 23:07:35,193 - cogs.levels - INFO - started message
2022-08-12 23:08:28,020 - cogs.levels - INFO - Levelling Cog Loaded
2022-08-12 23:08:31,610 - cogs.levels - INFO - started rank
2022-08-12 23:08:32,568 - cogs.levels - INFO - started message
2022-08-12 23:08:33,261 - cogs.levels - INFO - started message
2022-08-12 23:08:33,693 - cogs.levels - INFO - started message
2022-08-12 23:08:33,720 - cogs.levels - INFO - sent
2022-08-12 23:08:36,474 - cogs.levels - INFO - started message
2022-08-12 23:52:12,584 - cogs.levels - INFO - Levelling Cog Loaded
2022-08-12 23:52:24,234 - cogs.levels - INFO - started message
2022-08-12 23:52:24,406 - cogs.levels - INFO - started message
2022-08-12 23:52:24,569 - cogs.levels - INFO - started message
2022-08-12 23:52:52,025 - cogs.levels - INFO - Levelling Cog Loaded
2022-08-12 23:53:13,654 - cogs.levels - INFO - started message
2022-08-12 23:53:13,993 - cogs.levels - INFO - started message
2022-08-12 23:54:29,295 - cogs.levels - INFO - Levelling Cog Loaded
2022-08-12 23:58:40,146 - cogs.levels - INFO - started message
2022-08-12 23:58:40,475 - cogs.levels - INFO - started message
2022-08-12 23:59:07,086 - cogs.levels - INFO - Levelling Cog Loaded
2022-08-12 23:59:24,387 - cogs.levels - INFO - started message
2022-08-12 23:59:24,766 - cogs.levels - INFO - started message
2022-08-12 23:59:51,814 - cogs.levels - INFO - Levelling Cog Loaded
2022-08-13 00:00:07,605 - cogs.levels - INFO - started message
2022-08-13 00:00:07,981 - cogs.levels - INFO - started message
2022-08-13 00:00:26,903 - cogs.levels - INFO - Levelling Cog Loaded
2022-08-13 00:00:33,550 - cogs.levels - INFO - started message
2022-08-13 00:00:33,884 - cogs.levels - INFO - started message
2022-08-13 00:02:24,971 - cogs.levels - INFO - Levelling Cog Loaded
2022-08-13 00:02:26,416 - cogs.levels - INFO - started message
2022-08-13 00:02:26,831 - cogs.levels - INFO - started message
2022-08-13 00:03:42,678 - cogs.levels - INFO - Levelling Cog Loaded
2022-08-13 00:03:46,292 - cogs.levels - INFO - started message
2022-08-13 00:03:46,657 - cogs.levels - INFO - started message
2022-08-13 00:05:12,556 - cogs.levels - INFO - Levelling Cog Loaded
2022-08-13 00:05:14,240 - cogs.levels - INFO - started message
2022-08-13 00:05:14,588 - cogs.levels - INFO - started message
2022-08-13 00:06:01,765 - cogs.levels - INFO - Levelling Cog Loaded
2022-08-13 00:06:14,753 - cogs.levels - INFO - started message
2022-08-13 00:06:15,150 - cogs.levels - INFO - started message
2022-08-17 23:05:22,964 - cogs.levels - INFO - Levelling Cog Loaded
2022-08-17 23:05:31,928 - cogs.levels - INFO - started rank
2022-08-17 23:05:32,541 - cogs.levels - INFO - started message
2022-08-17 23:05:33,166 - cogs.levels - INFO - started message
2022-08-17 23:05:34,324 - cogs.levels - INFO - started message
2022-08-17 23:05:34,405 - cogs.levels - INFO - sent
2022-08-17 23:05:36,431 - cogs.levels - INFO - started message
2022-08-17 23:12:30,739 - cogs.levels - INFO - started message
2022-08-17 23:25:29,553 - cogs.levels - INFO - Levelling Cog Loaded
2022-08-17 23:26:16,396 - cogs.levels - INFO - started leaderboard
2022-08-17 23:26:16,406 - cogs.levels - INFO - started message
2022-08-17 23:27:41,863 - cogs.levels - INFO - Levelling Cog Loaded
2022-08-17 23:27:47,838 - cogs.levels - INFO - started leaderboard
2022-08-17 23:27:47,853 - cogs.levels - INFO - started message
2022-08-17 23:27:48,584 - cogs.levels - INFO - started message
2022-08-17 23:28:00,783 - cogs.levels - INFO - started leaderboard
2022-08-17 23:28:00,792 - cogs.levels - INFO - started message
2022-08-17 23:28:01,564 - cogs.levels - INFO - started message
2022-08-17 23:28:01,888 - cogs.levels - INFO - started message
2022-08-17 23:28:31,553 - cogs.levels - INFO - started leaderboard
2022-08-17 23:28:31,563 - cogs.levels - INFO - started message
2022-08-17 23:28:32,376 - cogs.levels - INFO - started message
2022-08-17 23:28:48,728 - cogs.levels - INFO - Levelling Cog Loaded
2022-08-17 23:28:53,118 - cogs.levels - INFO - started leaderboard
2022-08-17 23:28:53,125 - cogs.levels - INFO - started message
2022-08-17 23:28:53,514 - cogs.levels - INFO - started message
2022-08-17 23:28:53,946 - cogs.levels - INFO - started message
2022-08-26 23:19:54,041 - cogs.levels - INFO - Levelling Cog Loaded
2022-08-26 23:20:25,204 - cogs.levels - INFO - Levelling Cog Loaded
2022-08-26 23:20:32,628 - cogs.levels - INFO - started message
2022-08-26 23:20:47,405 - cogs.levels - INFO - Levelling Cog Loaded
2022-08-26 23:20:52,375 - cogs.levels - INFO - started message
2022-08-26 23:21:44,898 - cogs.levels - INFO - Levelling Cog Loaded
2022-08-26 23:21:57,846 - cogs.levels - INFO - started message
2022-08-26 23:22:03,959 - cogs.levels - INFO - started message
2022-08-26 23:22:04,272 - cogs.levels - INFO - started message
2022-08-26 23:22:04,369 - cogs.levels - INFO - started message
2022-09-04 14:24:01,376 - cogs.levels - INFO - Levelling Cog Loaded
2022-09-04 14:24:24,342 - cogs.levels - INFO - started message
2022-09-04 14:30:33,596 - cogs.levels - INFO - Levelling Cog Loaded
2022-09-04 14:30:46,627 - cogs.levels - INFO - started message
2022-09-04 14:31:16,118 - cogs.levels - INFO - Levelling Cog Loaded
2022-09-04 14:31:51,620 - cogs.levels - INFO - started message
2022-09-04 14:33:23,969 - cogs.levels - INFO - Levelling Cog Loaded
2022-09-04 14:33:24,266 - cogs.levels - INFO - started message
2022-09-04 14:38:34,160 - cogs.levels - INFO - Levelling Cog Loaded
2022-09-04 14:38:50,183 - cogs.levels - INFO - started message
2022-09-04 14:42:25,825 - cogs.levels - INFO - Levelling Cog Loaded
2022-09-04 14:42:28,033 - cogs.levels - INFO - started message
2022-09-04 14:44:00,222 - cogs.levels - INFO - Levelling Cog Loaded
2022-09-04 14:44:06,590 - cogs.levels - INFO - started message
2022-09-04 14:45:22,334 - cogs.levels - INFO - Levelling Cog Loaded
2022-09-04 14:45:27,132 - cogs.levels - INFO - started message
2022-09-04 14:45:27,314 - cogs.levels - INFO - started message
2022-09-04 14:46:01,802 - cogs.levels - INFO - Levelling Cog Loaded
2022-09-04 14:46:06,596 - cogs.levels - INFO - started message
2022-09-04 14:46:07,128 - cogs.levels - INFO - started message
2022-09-04 14:48:52,655 - cogs.levels - INFO - Levelling Cog Loaded
2022-09-04 14:48:57,137 - cogs.levels - INFO - started message
2022-09-04 14:49:02,433 - cogs.levels - INFO - started message
2022-09-04 14:49:02,719 - cogs.levels - INFO - started message
2022-09-04 14:49:02,854 - cogs.levels - INFO - started message
2022-09-04 14:50:18,377 - cogs.levels - INFO - Levelling Cog Loaded
2022-09-04 14:50:32,655 - cogs.levels - INFO - started message
2022-09-04 15:12:28,075 - cogs.levels - INFO - Levelling Cog Loaded
2022-09-04 15:12:37,022 - cogs.levels - INFO - started message
2022-09-04 15:12:37,200 - cogs.levels - INFO - started message
2022-09-04 15:13:10,584 - cogs.levels - INFO - Levelling Cog Loaded
2022-09-04 15:13:19,863 - cogs.levels - INFO - started message
2022-09-04 15:13:20,047 - cogs.levels - INFO - started message
2022-09-04 15:14:25,899 - cogs.levels - INFO - Levelling Cog Loaded
2022-09-04 15:14:29,995 - cogs.levels - INFO - started message
2022-09-04 15:14:30,188 - cogs.levels - INFO - started message
2022-09-04 15:17:29,481 - cogs.levels - INFO - Levelling Cog Loaded
2022-09-04 15:17:35,371 - cogs.levels - INFO - started message
2022-09-04 15:20:16,488 - cogs.levels - INFO - Levelling Cog Loaded
2022-09-04 15:20:20,236 - cogs.levels - INFO - started message
2022-09-04 15:22:21,524 - cogs.levels - INFO - Levelling Cog Loaded
2022-09-04 15:22:28,047 - cogs.levels - INFO - started message
2022-09-04 15:23:49,335 - cogs.levels - INFO - Levelling Cog Loaded
2022-09-04 15:23:54,561 - cogs.levels - INFO - started message
2022-09-04 15:28:04,490 - cogs.levels - INFO - Levelling Cog Loaded
2022-09-04 15:28:05,713 - cogs.levels - INFO - started message
2022-09-04 15:30:32,759 - cogs.levels - INFO - Levelling Cog Loaded
2022-09-04 15:30:35,591 - cogs.levels - INFO - started message
2022-09-04 15:30:35,783 - cogs.levels - INFO - started message
2022-09-04 15:31:08,371 - cogs.levels - INFO - Levelling Cog Loaded
2022-09-04 15:31:10,246 - cogs.levels - INFO - started message
2022-09-04 15:31:10,488 - cogs.levels - INFO - started message
2022-09-04 15:38:15,739 - cogs.levels - INFO - Levelling Cog Loaded
2022-09-04 15:38:26,898 - cogs.levels - INFO - started message
2022-09-04 15:38:27,088 - cogs.levels - INFO - started message
2022-09-04 15:38:56,970 - cogs.levels - INFO - Levelling Cog Loaded
2022-09-04 15:39:00,693 - cogs.levels - INFO - started message
2022-09-04 15:39:00,934 - cogs.levels - INFO - started message
2022-09-04 15:39:21,231 - cogs.levels - INFO - Levelling Cog Loaded
2022-09-04 15:39:22,497 - cogs.levels - INFO - started message
2022-09-04 15:39:22,766 - cogs.levels - INFO - started message
2022-09-04 15:42:19,344 - cogs.levels - INFO - Levelling Cog Loaded
2022-09-04 15:42:22,130 - cogs.levels - INFO - started message
2022-09-04 15:42:22,349 - cogs.levels - INFO - started message
2022-09-04 15:43:53,615 - cogs.levels - INFO - Levelling Cog Loaded
2022-09-04 15:43:54,852 - cogs.levels - INFO - started message
2022-09-04 15:43:55,021 - cogs.levels - INFO - started message
2022-09-04 15:50:35,163 - cogs.levels - INFO - Levelling Cog Loaded
2022-09-04 15:50:36,802 - cogs.levels - INFO - started message
2022-09-04 15:54:26,086 - cogs.levels - INFO - Levelling Cog Loaded
2022-09-04 15:54:27,878 - cogs.levels - INFO - started message
2022-09-04 15:55:09,554 - cogs.levels - INFO - Levelling Cog Loaded
2022-09-04 15:55:14,883 - cogs.levels - INFO - started message
2022-09-04 19:26:36,166 - cogs.levels - INFO - Levelling Cog Loaded
2022-09-04 19:26:40,053 - cogs.levels - INFO - started message
2022-09-04 19:27:03,608 - cogs.levels - INFO - Levelling Cog Loaded
2022-09-04 19:27:05,713 - cogs.levels - INFO - started message
2022-09-04 19:28:00,419 - cogs.levels - INFO - Levelling Cog Loaded
2022-09-04 19:28:13,651 - cogs.levels - INFO - started message
2022-09-04 19:28:54,406 - cogs.levels - INFO - Levelling Cog Loaded
2022-09-04 19:28:55,697 - cogs.levels - INFO - started message
2022-09-04 19:29:46,999 - cogs.levels - INFO - Levelling Cog Loaded
2022-09-04 19:29:49,971 - cogs.levels - INFO - started message
2022-09-04 19:33:24,091 - cogs.levels - INFO - Levelling Cog Loaded
2022-09-04 21:04:29,601 - cogs.levels - INFO - started message
2022-09-04 21:06:16,581 - cogs.levels - INFO - Levelling Cog Loaded
2022-09-04 21:06:22,764 - cogs.levels - INFO - started message
2022-09-04 21:06:56,862 - cogs.levels - INFO - Levelling Cog Loaded
2022-09-04 21:14:55,184 - cogs.levels - INFO - started message
2022-09-04 21:16:06,487 - cogs.levels - INFO - Levelling Cog Loaded
2022-09-04 21:16:10,986 - cogs.levels - INFO - started message
2022-09-04 21:16:11,200 - cogs.levels - INFO - started message
2022-09-04 21:16:57,638 - cogs.levels - INFO - Levelling Cog Loaded
2022-09-04 21:17:00,525 - cogs.levels - INFO - started message
2022-09-04 21:17:00,701 - cogs.levels - INFO - started message
2022-09-04 21:17:16,044 - cogs.levels - INFO - Levelling Cog Loaded
2022-09-04 21:17:17,211 - cogs.levels - INFO - started message
2022-09-04 21:17:17,450 - cogs.levels - INFO - started message
2022-09-04 21:21:29,248 - cogs.levels - INFO - Levelling Cog Loaded
2022-09-04 21:21:30,264 - cogs.levels - INFO - started message
2022-09-04 21:23:11,900 - cogs.levels - INFO - Levelling Cog Loaded
2022-09-04 21:23:12,778 - cogs.levels - INFO - started message
2022-09-04 21:23:13,004 - cogs.levels - INFO - started message
2022-09-04 21:23:40,752 - cogs.levels - INFO - Levelling Cog Loaded
2022-09-04 21:23:47,427 - cogs.levels - INFO - started message
2022-09-04 21:23:47,612 - cogs.levels - INFO - started message
2022-09-04 21:24:08,080 - cogs.levels - INFO - Levelling Cog Loaded
2022-09-04 21:24:10,442 - cogs.levels - INFO - started message
2022-09-04 21:24:10,625 - cogs.levels - INFO - started message
2022-09-04 21:24:35,898 - cogs.levels - INFO - Levelling Cog Loaded
2022-09-04 21:24:37,499 - cogs.levels - INFO - started message
2022-09-04 21:24:37,737 - cogs.levels - INFO - started message
2022-09-04 21:25:52,700 - cogs.levels - INFO - Levelling Cog Loaded
2022-09-04 21:25:54,268 - cogs.levels - INFO - started message
2022-09-04 21:25:54,464 - cogs.levels - INFO - started message
2022-09-04 21:27:17,749 - cogs.levels - INFO - started message
2022-09-04 21:27:18,012 - cogs.levels - INFO - started message
2022-09-04 21:27:32,276 - cogs.levels - INFO - Levelling Cog Loaded
2022-09-04 21:27:37,847 - cogs.levels - INFO - started message
2022-09-04 21:27:38,123 - cogs.levels - INFO - started message
2022-09-04 21:30:35,292 - cogs.levels - INFO - Levelling Cog Loaded
2022-09-04 21:30:39,313 - cogs.levels - INFO - started message
2022-09-04 21:30:39,533 - cogs.levels - INFO - started message
2022-09-04 21:34:42,514 - cogs.levels - INFO - started message
2022-09-04 21:34:48,225 - cogs.levels - INFO - started message
2022-09-04 22:02:03,368 - cogs.levels - INFO - started message
2022-09-04 22:12:16,504 - cogs.levels - INFO - started message
2022-09-04 22:12:16,800 - cogs.levels - INFO - started message
2022-09-07 00:01:39,789 - cogs.levels - INFO - Levelling Cog Loaded
2022-09-07 00:01:49,960 - cogs.levels - INFO - started message
2022-09-07 00:01:50,124 - cogs.levels - INFO - started message
2022-09-07 00:01:50,383 - cogs.levels - INFO - started message
2022-09-07 00:02:54,132 - cogs.levels - INFO - Levelling Cog Loaded
2022-09-07 00:03:21,946 - cogs.levels - INFO - started message
2022-09-07 00:03:22,282 - cogs.levels - INFO - started message
2022-09-07 19:43:14,876 - cogs.levels - INFO - started message
2022-09-07 19:43:15,290 - cogs.levels - INFO - started message
2022-09-07 19:43:15,315 - cogs.levels - INFO - Levelling Cog Loaded
2022-09-07 19:43:27,019 - cogs.levels - INFO - started message
2022-09-07 19:43:33,989 - cogs.levels - INFO - started message
2022-09-07 19:43:34,247 - cogs.levels - INFO - started message
2022-09-09 23:14:10,009 - cogs.levels - INFO - Levelling Cog Loaded
2022-09-09 23:14:30,325 - cogs.levels - INFO - started message
2022-09-09 23:14:30,604 - cogs.levels - INFO - started message
2022-09-09 23:14:30,728 - cogs.levels - INFO - started message
2022-09-09 23:17:24,129 - cogs.levels - INFO - Levelling Cog Loaded
2022-09-09 23:17:28,812 - cogs.levels - INFO - started message
2022-09-09 23:17:29,001 - cogs.levels - INFO - started message
2022-09-09 23:17:29,290 - cogs.levels - INFO - started message
2022-09-09 23:17:58,122 - cogs.levels - INFO - started message
2022-09-09 23:17:58,316 - cogs.levels - INFO - started message
2022-09-09 23:17:58,634 - cogs.levels - INFO - started message
2022-09-09 23:17:59,546 - cogs.levels - INFO - Levelling Cog Loaded
2022-09-09 23:19:11,502 - cogs.levels - INFO - Levelling Cog Loaded
2022-09-09 23:19:12,249 - cogs.levels - INFO - started message
2022-09-09 23:19:12,425 - cogs.levels - INFO - started message
2022-09-09 23:19:13,047 - cogs.levels - INFO - started message
2022-09-09 23:19:56,907 - cogs.levels - INFO - started message
2022-09-09 23:19:57,350 - cogs.levels - INFO - started message
2022-09-09 23:19:58,443 - cogs.levels - INFO - Levelling Cog Loaded
2022-09-09 23:20:36,500 - cogs.levels - INFO - Levelling Cog Loaded
2022-09-09 23:20:41,636 - cogs.levels - INFO - started message
2022-09-09 23:20:42,073 - cogs.levels - INFO - started message
2022-09-09 23:21:10,798 - cogs.levels - INFO - Levelling Cog Loaded
2022-09-09 23:21:17,177 - cogs.levels - INFO - started message
2022-09-09 23:21:17,767 - cogs.levels - INFO - started message
2022-09-09 23:22:00,282 - cogs.levels - INFO - Levelling Cog Loaded
2022-09-09 23:22:01,470 - cogs.levels - INFO - started message
2022-09-09 23:22:01,684 - cogs.levels - INFO - started message
2022-09-09 23:22:01,990 - cogs.levels - INFO - started message
2022-09-09 23:22:07,177 - cogs.levels - INFO - started message
2022-09-10 21:12:07,971 - cogs.levels - INFO - Levelling Cog Loaded
2022-09-10 21:12:14,866 - cogs.levels - INFO - started message
2022-09-10 21:12:15,156 - cogs.levels - INFO - started message
2022-09-10 21:12:15,312 - cogs.levels - INFO - started message
2022-09-10 21:13:00,508 - cogs.levels - INFO - Levelling Cog Loaded
2022-09-10 21:13:06,859 - cogs.levels - INFO - started message
2022-09-10 21:13:07,076 - cogs.levels - INFO - started message
2022-09-10 21:13:07,266 - cogs.levels - INFO - started message
2022-09-10 21:13:56,105 - cogs.levels - INFO - Levelling Cog Loaded
2022-09-10 21:13:58,886 - cogs.levels - INFO - started message
2022-09-10 21:13:59,168 - cogs.levels - INFO - started message
2022-09-10 21:13:59,322 - cogs.levels - INFO - started message
